<?xml version="1.0" encoding="UTF-8"?>
<testng-results ignored="0" total="1" passed="1" failed="0" skipped="0">
  <reporter-output>
  </reporter-output>
  <suite started-at="2023-11-10T14:46:13 IST" name="Default suite" finished-at="2023-11-10T14:47:14 IST" duration-ms="61072">
    <groups>
    </groups>
    <test started-at="2023-11-10T14:46:13 IST" name="Default test" finished-at="2023-11-10T14:47:14 IST" duration-ms="61072">
      <class name="browserLaunching.LaunchingBrowser">
        <test-method signature="Launching()[pri:0, instance:browserLaunching.LaunchingBrowser@384ad17b]" started-at="2023-11-10T14:46:13 IST" name="Launching" finished-at="2023-11-10T14:47:14 IST" duration-ms="60970" status="PASS">
          <reporter-output>
          </reporter-output>
        </test-method> <!-- Launching -->
      </class> <!-- browserLaunching.LaunchingBrowser -->
    </test> <!-- Default test -->
  </suite> <!-- Default suite -->
</testng-results>
